<?xml version="1.0" encoding="UTF-8"?>
<testsuite xmlns:xsi="http://www.w3.org/2001/XMLSchema-instance" xsi:noNamespaceSchemaLocation="https://maven.apache.org/surefire/maven-surefire-plugin/xsd/surefire-test-report-3.0.xsd" version="3.0" name="edu.miu.cs.cs489.util.SimpleArithmeticOpsUtilTest" time="0.072" tests="2" errors="0" skipped="0" failures="0">
  <properties>
[...]
</properties>
  <testcase name="testAdd" classname="edu.miu.cs.cs489.util.SimpleArithmeticOpsUtilTest" time="0.006"/>
  <testcase name="testAdd_for_negative_inputs" classname="edu.miu.cs.cs489.util.SimpleArithmeticOpsUtilTest" time="0"/>
</testsuite>